<?xml version="1.0" encoding="UTF-8"?>
<coverage generated="1665518479684" clover="3.2.0">
  <project timestamp="1665518479684" name="All files">
    <metrics statements="53" coveredstatements="40" conditionals="10" coveredconditionals="5" methods="15" coveredmethods="11" elements="78" coveredelements="56" complexity="0" loc="53" ncloc="53" packages="6" files="7" classes="7"/>
    <package name="core.context.CartContext">
      <metrics statements="2" coveredstatements="2" conditionals="0" coveredconditionals="0" methods="0" coveredmethods="0"/>
      <file name="Actions.js" path="/Users/diegoa.leon/Desktop/react-meals/src/core/context/CartContext/Actions.js">
        <metrics statements="1" coveredstatements="1" conditionals="0" coveredconditionals="0" methods="0" coveredmethods="0"/>
        <line num="1" count="2" type="stmt"/>
      </file>
      <file name="CartContext.jsx" path="/Users/diegoa.leon/Desktop/react-meals/src/core/context/CartContext/CartContext.jsx">
        <metrics statements="1" coveredstatements="1" conditionals="0" coveredconditionals="0" methods="0" coveredmethods="0"/>
        <line num="3" count="2" type="stmt"/>
      </file>
    </package>
    <package name="view.common.SnackBar">
      <metrics statements="3" coveredstatements="3" conditionals="0" coveredconditionals="0" methods="1" coveredmethods="1"/>
      <file name="SnackBar.jsx" path="/Users/diegoa.leon/Desktop/react-meals/src/view/common/SnackBar/SnackBar.jsx">
        <metrics statements="3" coveredstatements="3" conditionals="0" coveredconditionals="0" methods="1" coveredmethods="1"/>
        <line num="5" count="3" type="stmt"/>
        <line num="6" count="1" type="stmt"/>
        <line num="8" count="1" type="stmt"/>
      </file>
    </package>
    <package name="view.components.MealItem">
      <metrics statements="34" coveredstatements="21" conditionals="6" coveredconditionals="1" methods="9" coveredmethods="5"/>
      <file name="MealItem.jsx" path="/Users/diegoa.leon/Desktop/react-meals/src/view/components/MealItem/MealItem.jsx">
        <metrics statements="34" coveredstatements="21" conditionals="6" coveredconditionals="1" methods="9" coveredmethods="5"/>
        <line num="15" count="2" type="stmt"/>
        <line num="47" count="2" type="stmt"/>
        <line num="48" count="6" type="stmt"/>
        <line num="49" count="6" type="stmt"/>
        <line num="50" count="6" type="stmt"/>
        <line num="52" count="6" type="stmt"/>
        <line num="53" count="6" type="stmt"/>
        <line num="54" count="6" type="stmt"/>
        <line num="56" count="6" type="stmt"/>
        <line num="58" count="6" type="stmt"/>
        <line num="59" count="0" type="cond" truecount="0" falsecount="2"/>
        <line num="60" count="0" type="stmt"/>
        <line num="63" count="0" type="stmt"/>
        <line num="66" count="6" type="stmt"/>
        <line num="67" count="0" type="stmt"/>
        <line num="70" count="6" type="stmt"/>
        <line num="71" count="3" type="stmt"/>
        <line num="72" count="75" type="stmt"/>
        <line num="73" count="3" type="stmt"/>
        <line num="76" count="6" type="stmt"/>
        <line num="77" count="0" type="stmt"/>
        <line num="79" count="0" type="cond" truecount="0" falsecount="2"/>
        <line num="80" count="0" type="stmt"/>
        <line num="81" count="0" type="stmt"/>
        <line num="82" count="0" type="stmt"/>
        <line num="85" count="0" type="stmt"/>
        <line num="93" count="0" type="stmt"/>
        <line num="96" count="6" type="stmt"/>
        <line num="97" count="3" type="stmt"/>
        <line num="100" count="6" type="stmt"/>
        <line num="101" count="0" type="stmt"/>
        <line num="102" count="0" type="stmt"/>
        <line num="105" count="6" type="stmt"/>
        <line num="121" count="78" type="stmt"/>
      </file>
    </package>
    <package name="view.components.MealsList">
      <metrics statements="5" coveredstatements="5" conditionals="2" coveredconditionals="2" methods="2" coveredmethods="2"/>
      <file name="MealsList.jsx" path="/Users/diegoa.leon/Desktop/react-meals/src/view/components/MealsList/MealsList.jsx">
        <metrics statements="5" coveredstatements="5" conditionals="2" coveredconditionals="2" methods="2" coveredmethods="2"/>
        <line num="7" count="1" type="stmt"/>
        <line num="16" count="1" type="stmt"/>
        <line num="17" count="2" type="stmt"/>
        <line num="19" count="2" type="stmt"/>
        <line num="24" count="1" type="stmt"/>
      </file>
    </package>
    <package name="view.components.OrderItem">
      <metrics statements="4" coveredstatements="4" conditionals="0" coveredconditionals="0" methods="1" coveredmethods="1"/>
      <file name="OrderItem.jsx" path="/Users/diegoa.leon/Desktop/react-meals/src/view/components/OrderItem/OrderItem.jsx">
        <metrics statements="4" coveredstatements="4" conditionals="0" coveredconditionals="0" methods="1" coveredmethods="1"/>
        <line num="5" count="2" type="stmt"/>
        <line num="31" count="2" type="stmt"/>
        <line num="32" count="2" type="stmt"/>
        <line num="34" count="2" type="stmt"/>
      </file>
    </package>
    <package name="view.components.OrderList">
      <metrics statements="5" coveredstatements="5" conditionals="2" coveredconditionals="2" methods="2" coveredmethods="2"/>
      <file name="OrderList.jsx" path="/Users/diegoa.leon/Desktop/react-meals/src/view/components/OrderList/OrderList.jsx">
        <metrics statements="5" coveredstatements="5" conditionals="2" coveredconditionals="2" methods="2" coveredmethods="2"/>
        <line num="6" count="1" type="stmt"/>
        <line num="54" count="1" type="stmt"/>
        <line num="55" count="2" type="stmt"/>
        <line num="57" count="2" type="stmt"/>
        <line num="62" count="1" type="stmt"/>
      </file>
    </package>
  </project>
</coverage>
