{"/Users/diegoa.leon/Desktop/react-meals/src/view/common/Modal/OrderModal.jsx": {"path":"/Users/diegoa.leon/Desktop/react-meals/src/view/common/Modal/OrderModal.jsx","statementMap":{"0":{"start":{"line":14,"column":17},"end":{"line":60,"column":1}},"1":{"start":{"line":62,"column":19},"end":{"line":127,"column":1}},"2":{"start":{"line":63,"column":51},"end":{"line":63,"column":56}},"3":{"start":{"line":66,"column":2},"end":{"line":126,"column":4}},"4":{"start":{"line":86,"column":18},"end":{"line":86,"column":56}}},"fnMap":{"0":{"name":"(anonymous_0)","decl":{"start":{"line":62,"column":19},"end":{"line":62,"column":20}},"loc":{"start":{"line":62,"column":30},"end":{"line":127,"column":1}},"line":62},"1":{"name":"(anonymous_1)","decl":{"start":{"line":85,"column":25},"end":{"line":85,"column":26}},"loc":{"start":{"line":86,"column":18},"end":{"line":86,"column":56}},"line":86}},"branchMap":{"0":{"loc":{"start":{"line":82,"column":11},"end":{"line":94,"column":11}},"type":"cond-expr","locations":[{"start":{"line":83,"column":12},"end":{"line":89,"column":19}},{"start":{"line":91,"column":12},"end":{"line":93,"column":25}}],"line":82}},"s":{"0":1,"1":1,"2":1,"3":1,"4":0},"f":{"0":1,"1":0},"b":{"0":[0,1]},"_coverageSchema":"1a1c01bbd47fc00a2c39e90264f33305004495a9","hash":"e7b124f6de6dd64eed129c5a43f59d4af5b9516c"}
,"/Users/diegoa.leon/Desktop/react-meals/src/view/components/CartItem/CartItem.jsx": {"path":"/Users/diegoa.leon/Desktop/react-meals/src/view/components/CartItem/CartItem.jsx","statementMap":{"0":{"start":{"line":12,"column":17},"end":{"line":42,"column":1}},"1":{"start":{"line":44,"column":17},"end":{"line":119,"column":1}},"2":{"start":{"line":45,"column":19},"end":{"line":45,"column":24}},"3":{"start":{"line":46,"column":18},"end":{"line":46,"column":28}},"4":{"start":{"line":49,"column":23},"end":{"line":49,"column":46}},"5":{"start":{"line":51,"column":25},"end":{"line":60,"column":3}},"6":{"start":{"line":52,"column":4},"end":{"line":52,"column":27}},"7":{"start":{"line":54,"column":4},"end":{"line":59,"column":7}},"8":{"start":{"line":62,"column":27},"end":{"line":71,"column":3}},"9":{"start":{"line":63,"column":4},"end":{"line":63,"column":27}},"10":{"start":{"line":65,"column":4},"end":{"line":70,"column":7}},"11":{"start":{"line":73,"column":23},"end":{"line":82,"column":3}},"12":{"start":{"line":74,"column":4},"end":{"line":74,"column":27}},"13":{"start":{"line":76,"column":4},"end":{"line":81,"column":7}},"14":{"start":{"line":84,"column":2},"end":{"line":118,"column":3}}},"fnMap":{"0":{"name":"(anonymous_0)","decl":{"start":{"line":44,"column":17},"end":{"line":44,"column":18}},"loc":{"start":{"line":44,"column":28},"end":{"line":119,"column":1}},"line":44},"1":{"name":"(anonymous_1)","decl":{"start":{"line":51,"column":25},"end":{"line":51,"column":26}},"loc":{"start":{"line":51,"column":36},"end":{"line":60,"column":3}},"line":51},"2":{"name":"(anonymous_2)","decl":{"start":{"line":62,"column":27},"end":{"line":62,"column":28}},"loc":{"start":{"line":62,"column":38},"end":{"line":71,"column":3}},"line":62},"3":{"name":"(anonymous_3)","decl":{"start":{"line":73,"column":23},"end":{"line":73,"column":24}},"loc":{"start":{"line":73,"column":34},"end":{"line":82,"column":3}},"line":73}},"branchMap":{},"s":{"0":1,"1":1,"2":0,"3":0,"4":0,"5":0,"6":0,"7":0,"8":0,"9":0,"10":0,"11":0,"12":0,"13":0,"14":0},"f":{"0":0,"1":0,"2":0,"3":0},"b":{},"_coverageSchema":"1a1c01bbd47fc00a2c39e90264f33305004495a9","hash":"8f265ce8c16cac267cfe52829053a4f8c3df8e53"}
,"/Users/diegoa.leon/Desktop/react-meals/src/view/context/CartContext/Actions.js": {"path":"/Users/diegoa.leon/Desktop/react-meals/src/view/context/CartContext/Actions.js","statementMap":{"0":{"start":{"line":1,"column":16},"end":{"line":6,"column":1}}},"fnMap":{},"branchMap":{},"s":{"0":1},"f":{},"b":{},"_coverageSchema":"1a1c01bbd47fc00a2c39e90264f33305004495a9","hash":"9dd8e24866cf42308ff48a6339de151587dda686"}
,"/Users/diegoa.leon/Desktop/react-meals/src/view/context/CartContext/CartContext.jsx": {"path":"/Users/diegoa.leon/Desktop/react-meals/src/view/context/CartContext/CartContext.jsx","statementMap":{"0":{"start":{"line":3,"column":20},"end":{"line":3,"column":37}}},"fnMap":{},"branchMap":{},"s":{"0":1},"f":{},"b":{},"_coverageSchema":"1a1c01bbd47fc00a2c39e90264f33305004495a9","hash":"8da71d6515f5ebfbafb93bf03f50235947c811a4"}
}
