{
  "/Users/diegoa.leon/Desktop/react-meals/src/core/context/CartContext/Actions.js": {
    "path": "/Users/diegoa.leon/Desktop/react-meals/src/core/context/CartContext/Actions.js",
    "statementMap": {
      "0": { "start": { "line": 1, "column": 16 }, "end": { "line": 6, "column": 1 } }
    },
    "fnMap": {},
    "branchMap": {},
    "s": { "0": 2 },
    "f": {},
    "b": {},
    "_coverageSchema": "1a1c01bbd47fc00a2c39e90264f33305004495a9",
    "hash": "d1bf73835a8cfe69fbfe3a0f2e19b3367ff12340"
  },
  "/Users/diegoa.leon/Desktop/react-meals/src/core/context/CartContext/CartContext.jsx": {
    "path": "/Users/diegoa.leon/Desktop/react-meals/src/core/context/CartContext/CartContext.jsx",
    "statementMap": {
      "0": { "start": { "line": 3, "column": 20 }, "end": { "line": 3, "column": 37 } }
    },
    "fnMap": {},
    "branchMap": {},
    "s": { "0": 2 },
    "f": {},
    "b": {},
    "_coverageSchema": "1a1c01bbd47fc00a2c39e90264f33305004495a9",
    "hash": "c9d1dd94a47c565f8d4c8af190f14e7556be248c"
  },
  "/Users/diegoa.leon/Desktop/react-meals/src/view/common/SnackBar/SnackBar.jsx": {
    "path": "/Users/diegoa.leon/Desktop/react-meals/src/view/common/SnackBar/SnackBar.jsx",
    "statementMap": {
      "0": { "start": { "line": 5, "column": 17 }, "end": { "line": 16, "column": 1 } },
      "1": { "start": { "line": 6, "column": 47 }, "end": { "line": 6, "column": 52 } },
      "2": { "start": { "line": 8, "column": 2 }, "end": { "line": 15, "column": 4 } }
    },
    "fnMap": {
      "0": {
        "name": "(anonymous_0)",
        "decl": { "start": { "line": 5, "column": 17 }, "end": { "line": 5, "column": 18 } },
        "loc": { "start": { "line": 5, "column": 28 }, "end": { "line": 16, "column": 1 } },
        "line": 5
      }
    },
    "branchMap": {},
    "s": { "0": 3, "1": 1, "2": 1 },
    "f": { "0": 1 },
    "b": {},
    "_coverageSchema": "1a1c01bbd47fc00a2c39e90264f33305004495a9",
    "hash": "d7cb65c8657f8b655341ea7da65356da66d0ab25"
  },
  "/Users/diegoa.leon/Desktop/react-meals/src/view/components/MealItem/MealItem.jsx": {
    "path": "/Users/diegoa.leon/Desktop/react-meals/src/view/components/MealItem/MealItem.jsx",
    "statementMap": {
      "0": { "start": { "line": 15, "column": 17 }, "end": { "line": 45, "column": 1 } },
      "1": { "start": { "line": 47, "column": 17 }, "end": { "line": 174, "column": 1 } },
      "2": { "start": { "line": 48, "column": 23 }, "end": { "line": 48, "column": 28 } },
      "3": { "start": { "line": 49, "column": 19 }, "end": { "line": 49, "column": 32 } },
      "4": { "start": { "line": 50, "column": 18 }, "end": { "line": 50, "column": 28 } },
      "5": { "start": { "line": 52, "column": 24 }, "end": { "line": 52, "column": 35 } },
      "6": { "start": { "line": 53, "column": 28 }, "end": { "line": 53, "column": 41 } },
      "7": { "start": { "line": 54, "column": 26 }, "end": { "line": 54, "column": 47 } },
      "8": { "start": { "line": 56, "column": 23 }, "end": { "line": 56, "column": 46 } },
      "9": { "start": { "line": 58, "column": 22 }, "end": { "line": 64, "column": 3 } },
      "10": { "start": { "line": 59, "column": 4 }, "end": { "line": 61, "column": 5 } },
      "11": { "start": { "line": 60, "column": 6 }, "end": { "line": 60, "column": 13 } },
      "12": { "start": { "line": 63, "column": 4 }, "end": { "line": 63, "column": 19 } },
      "13": { "start": { "line": 66, "column": 23 }, "end": { "line": 68, "column": 3 } },
      "14": { "start": { "line": 67, "column": 4 }, "end": { "line": 67, "column": 31 } },
      "15": { "start": { "line": 70, "column": 22 }, "end": { "line": 74, "column": 3 } },
      "16": { "start": { "line": 71, "column": 19 }, "end": { "line": 71, "column": 30 } },
      "17": { "start": { "line": 72, "column": 19 }, "end": { "line": 72, "column": 62 } },
      "18": { "start": { "line": 72, "column": 52 }, "end": { "line": 72, "column": 61 } },
      "19": { "start": { "line": 73, "column": 4 }, "end": { "line": 73, "column": 21 } },
      "20": { "start": { "line": 76, "column": 22 }, "end": { "line": 94, "column": 3 } },
      "21": { "start": { "line": 77, "column": 4 }, "end": { "line": 77, "column": 27 } },
      "22": { "start": { "line": 79, "column": 4 }, "end": { "line": 83, "column": 5 } },
      "23": { "start": { "line": 80, "column": 6 }, "end": { "line": 80, "column": 50 } },
      "24": { "start": { "line": 81, "column": 6 }, "end": { "line": 81, "column": 20 } },
      "25": { "start": { "line": 82, "column": 6 }, "end": { "line": 82, "column": 13 } },
      "26": { "start": { "line": 85, "column": 4 }, "end": { "line": 91, "column": 7 } },
      "27": { "start": { "line": 93, "column": 4 }, "end": { "line": 93, "column": 14 } },
      "28": { "start": { "line": 96, "column": 2 }, "end": { "line": 98, "column": 9 } },
      "29": { "start": { "line": 97, "column": 4 }, "end": { "line": 97, "column": 23 } },
      "30": { "start": { "line": 100, "column": 27 }, "end": { "line": 103, "column": 3 } },
      "31": { "start": { "line": 101, "column": 4 }, "end": { "line": 101, "column": 27 } },
      "32": { "start": { "line": 102, "column": 4 }, "end": { "line": 102, "column": 28 } },
      "33": { "start": { "line": 105, "column": 2 }, "end": { "line": 173, "column": 4 } },
      "34": { "start": { "line": 121, "column": 12 }, "end": { "line": 123, "column": 23 } }
    },
    "fnMap": {
      "0": {
        "name": "(anonymous_0)",
        "decl": { "start": { "line": 47, "column": 17 }, "end": { "line": 47, "column": 18 } },
        "loc": { "start": { "line": 47, "column": 28 }, "end": { "line": 174, "column": 1 } },
        "line": 47
      },
      "1": {
        "name": "(anonymous_1)",
        "decl": { "start": { "line": 58, "column": 22 }, "end": { "line": 58, "column": 23 } },
        "loc": { "start": { "line": 58, "column": 41 }, "end": { "line": 64, "column": 3 } },
        "line": 58
      },
      "2": {
        "name": "(anonymous_2)",
        "decl": { "start": { "line": 66, "column": 23 }, "end": { "line": 66, "column": 24 } },
        "loc": { "start": { "line": 66, "column": 34 }, "end": { "line": 68, "column": 3 } },
        "line": 66
      },
      "3": {
        "name": "(anonymous_3)",
        "decl": { "start": { "line": 70, "column": 22 }, "end": { "line": 70, "column": 23 } },
        "loc": { "start": { "line": 70, "column": 38 }, "end": { "line": 74, "column": 3 } },
        "line": 70
      },
      "4": {
        "name": "(anonymous_4)",
        "decl": { "start": { "line": 72, "column": 42 }, "end": { "line": 72, "column": 43 } },
        "loc": { "start": { "line": 72, "column": 52 }, "end": { "line": 72, "column": 61 } },
        "line": 72
      },
      "5": {
        "name": "(anonymous_5)",
        "decl": { "start": { "line": 76, "column": 22 }, "end": { "line": 76, "column": 23 } },
        "loc": { "start": { "line": 76, "column": 33 }, "end": { "line": 94, "column": 3 } },
        "line": 76
      },
      "6": {
        "name": "(anonymous_6)",
        "decl": { "start": { "line": 96, "column": 12 }, "end": { "line": 96, "column": 13 } },
        "loc": { "start": { "line": 96, "column": 18 }, "end": { "line": 98, "column": 3 } },
        "line": 96
      },
      "7": {
        "name": "(anonymous_7)",
        "decl": { "start": { "line": 100, "column": 27 }, "end": { "line": 100, "column": 28 } },
        "loc": { "start": { "line": 100, "column": 38 }, "end": { "line": 103, "column": 3 } },
        "line": 100
      },
      "8": {
        "name": "(anonymous_8)",
        "decl": { "start": { "line": 120, "column": 21 }, "end": { "line": 120, "column": 22 } },
        "loc": { "start": { "line": 121, "column": 12 }, "end": { "line": 123, "column": 23 } },
        "line": 121
      }
    },
    "branchMap": {
      "0": {
        "loc": { "start": { "line": 59, "column": 4 }, "end": { "line": 61, "column": 5 } },
        "type": "if",
        "locations": [
          { "start": { "line": 59, "column": 4 }, "end": { "line": 61, "column": 5 } },
          { "start": {}, "end": {} }
        ],
        "line": 59
      },
      "1": {
        "loc": { "start": { "line": 79, "column": 4 }, "end": { "line": 83, "column": 5 } },
        "type": "if",
        "locations": [
          { "start": { "line": 79, "column": 4 }, "end": { "line": 83, "column": 5 } },
          { "start": {}, "end": {} }
        ],
        "line": 79
      },
      "2": {
        "loc": { "start": { "line": 168, "column": 8 }, "end": { "line": 170, "column": 9 } },
        "type": "binary-expr",
        "locations": [
          { "start": { "line": 168, "column": 8 }, "end": { "line": 168, "column": 12 } },
          { "start": { "line": 169, "column": 10 }, "end": { "line": 169, "column": 120 } }
        ],
        "line": 168
      }
    },
    "s": {
      "0": 2,
      "1": 2,
      "2": 6,
      "3": 6,
      "4": 6,
      "5": 6,
      "6": 6,
      "7": 6,
      "8": 6,
      "9": 6,
      "10": 0,
      "11": 0,
      "12": 0,
      "13": 6,
      "14": 0,
      "15": 6,
      "16": 3,
      "17": 3,
      "18": 75,
      "19": 3,
      "20": 6,
      "21": 0,
      "22": 0,
      "23": 0,
      "24": 0,
      "25": 0,
      "26": 0,
      "27": 0,
      "28": 6,
      "29": 3,
      "30": 6,
      "31": 0,
      "32": 0,
      "33": 6,
      "34": 78
    },
    "f": { "0": 6, "1": 0, "2": 0, "3": 3, "4": 75, "5": 0, "6": 3, "7": 0, "8": 78 },
    "b": { "0": [0, 0], "1": [0, 0], "2": [6, 0] },
    "_coverageSchema": "1a1c01bbd47fc00a2c39e90264f33305004495a9",
    "hash": "4da25979d9f2731535787cdc10bd629f3cfb7eb9"
  },
  "/Users/diegoa.leon/Desktop/react-meals/src/view/components/MealsList/MealsList.jsx": {
    "path": "/Users/diegoa.leon/Desktop/react-meals/src/view/components/MealsList/MealsList.jsx",
    "statementMap": {
      "0": { "start": { "line": 7, "column": 17 }, "end": { "line": 14, "column": 1 } },
      "1": { "start": { "line": 16, "column": 18 }, "end": { "line": 36, "column": 1 } },
      "2": { "start": { "line": 17, "column": 19 }, "end": { "line": 17, "column": 24 } },
      "3": { "start": { "line": 19, "column": 2 }, "end": { "line": 35, "column": 4 } },
      "4": { "start": { "line": 24, "column": 12 }, "end": { "line": 26, "column": 23 } }
    },
    "fnMap": {
      "0": {
        "name": "(anonymous_0)",
        "decl": { "start": { "line": 16, "column": 18 }, "end": { "line": 16, "column": 19 } },
        "loc": { "start": { "line": 16, "column": 29 }, "end": { "line": 36, "column": 1 } },
        "line": 16
      },
      "1": {
        "name": "(anonymous_1)",
        "decl": { "start": { "line": 23, "column": 20 }, "end": { "line": 23, "column": 21 } },
        "loc": { "start": { "line": 24, "column": 12 }, "end": { "line": 26, "column": 23 } },
        "line": 24
      }
    },
    "branchMap": {
      "0": {
        "loc": { "start": { "line": 21, "column": 7 }, "end": { "line": 33, "column": 7 } },
        "type": "cond-expr",
        "locations": [
          { "start": { "line": 22, "column": 8 }, "end": { "line": 28, "column": 15 } },
          { "start": { "line": 30, "column": 8 }, "end": { "line": 32, "column": 21 } }
        ],
        "line": 21
      }
    },
    "s": { "0": 1, "1": 1, "2": 2, "3": 2, "4": 1 },
    "f": { "0": 2, "1": 1 },
    "b": { "0": [1, 1] },
    "_coverageSchema": "1a1c01bbd47fc00a2c39e90264f33305004495a9",
    "hash": "9b970065319051f6afedbbcefbbf95fd2678b446"
  },
  "/Users/diegoa.leon/Desktop/react-meals/src/view/components/OrderItem/OrderItem.jsx": {
    "path": "/Users/diegoa.leon/Desktop/react-meals/src/view/components/OrderItem/OrderItem.jsx",
    "statementMap": {
      "0": { "start": { "line": 5, "column": 17 }, "end": { "line": 29, "column": 1 } },
      "1": { "start": { "line": 31, "column": 18 }, "end": { "line": 61, "column": 1 } },
      "2": { "start": { "line": 32, "column": 19 }, "end": { "line": 32, "column": 24 } },
      "3": { "start": { "line": 34, "column": 2 }, "end": { "line": 60, "column": 4 } }
    },
    "fnMap": {
      "0": {
        "name": "(anonymous_0)",
        "decl": { "start": { "line": 31, "column": 18 }, "end": { "line": 31, "column": 19 } },
        "loc": { "start": { "line": 31, "column": 29 }, "end": { "line": 61, "column": 1 } },
        "line": 31
      }
    },
    "branchMap": {},
    "s": { "0": 2, "1": 2, "2": 2, "3": 2 },
    "f": { "0": 2 },
    "b": {},
    "_coverageSchema": "1a1c01bbd47fc00a2c39e90264f33305004495a9",
    "hash": "10c25673c8cea28746638807b1c3acdedd483288"
  },
  "/Users/diegoa.leon/Desktop/react-meals/src/view/components/OrderList/OrderList.jsx": {
    "path": "/Users/diegoa.leon/Desktop/react-meals/src/view/components/OrderList/OrderList.jsx",
    "statementMap": {
      "0": { "start": { "line": 6, "column": 17 }, "end": { "line": 52, "column": 1 } },
      "1": { "start": { "line": 54, "column": 18 }, "end": { "line": 74, "column": 1 } },
      "2": { "start": { "line": 55, "column": 19 }, "end": { "line": 55, "column": 24 } },
      "3": { "start": { "line": 57, "column": 2 }, "end": { "line": 73, "column": 4 } },
      "4": { "start": { "line": 62, "column": 12 }, "end": { "line": 64, "column": 23 } }
    },
    "fnMap": {
      "0": {
        "name": "(anonymous_0)",
        "decl": { "start": { "line": 54, "column": 18 }, "end": { "line": 54, "column": 19 } },
        "loc": { "start": { "line": 54, "column": 29 }, "end": { "line": 74, "column": 1 } },
        "line": 54
      },
      "1": {
        "name": "(anonymous_1)",
        "decl": { "start": { "line": 61, "column": 20 }, "end": { "line": 61, "column": 21 } },
        "loc": { "start": { "line": 62, "column": 12 }, "end": { "line": 64, "column": 23 } },
        "line": 62
      }
    },
    "branchMap": {
      "0": {
        "loc": { "start": { "line": 59, "column": 7 }, "end": { "line": 71, "column": 7 } },
        "type": "cond-expr",
        "locations": [
          { "start": { "line": 60, "column": 8 }, "end": { "line": 66, "column": 15 } },
          { "start": { "line": 68, "column": 8 }, "end": { "line": 70, "column": 21 } }
        ],
        "line": 59
      }
    },
    "s": { "0": 1, "1": 1, "2": 2, "3": 2, "4": 1 },
    "f": { "0": 2, "1": 1 },
    "b": { "0": [1, 1] },
    "_coverageSchema": "1a1c01bbd47fc00a2c39e90264f33305004495a9",
    "hash": "da7868f7a4667a1785d91fdc0017a942d4b7f66e"
  }
}
