TN:
SF:src/core/context/CartContext/Actions.js
FNF:0
FNH:0
DA:1,2
LF:1
LH:1
BRF:0
BRH:0
end_of_record
TN:
SF:src/core/context/CartContext/CartContext.jsx
FNF:0
FNH:0
DA:3,2
LF:1
LH:1
BRF:0
BRH:0
end_of_record
TN:
SF:src/view/common/SnackBar/SnackBar.jsx
FN:5,(anonymous_0)
FNF:1
FNH:1
FNDA:1,(anonymous_0)
DA:5,3
DA:6,1
DA:8,1
LF:3
LH:3
BRF:0
BRH:0
end_of_record
TN:
SF:src/view/components/MealItem/MealItem.jsx
FN:47,(anonymous_0)
FN:58,(anonymous_1)
FN:66,(anonymous_2)
FN:70,(anonymous_3)
FN:72,(anonymous_4)
FN:76,(anonymous_5)
FN:96,(anonymous_6)
FN:100,(anonymous_7)
FN:120,(anonymous_8)
FNF:9
FNH:5
FNDA:6,(anonymous_0)
FNDA:0,(anonymous_1)
FNDA:0,(anonymous_2)
FNDA:3,(anonymous_3)
FNDA:75,(anonymous_4)
FNDA:0,(anonymous_5)
FNDA:3,(anonymous_6)
FNDA:0,(anonymous_7)
FNDA:78,(anonymous_8)
DA:15,2
DA:47,2
DA:48,6
DA:49,6
DA:50,6
DA:52,6
DA:53,6
DA:54,6
DA:56,6
DA:58,6
DA:59,0
DA:60,0
DA:63,0
DA:66,6
DA:67,0
DA:70,6
DA:71,3
DA:72,75
DA:73,3
DA:76,6
DA:77,0
DA:79,0
DA:80,0
DA:81,0
DA:82,0
DA:85,0
DA:93,0
DA:96,6
DA:97,3
DA:100,6
DA:101,0
DA:102,0
DA:105,6
DA:121,78
LF:34
LH:21
BRDA:59,0,0,0
BRDA:59,0,1,0
BRDA:79,1,0,0
BRDA:79,1,1,0
BRDA:168,2,0,6
BRDA:168,2,1,0
BRF:6
BRH:1
end_of_record
TN:
SF:src/view/components/MealsList/MealsList.jsx
FN:16,(anonymous_0)
FN:23,(anonymous_1)
FNF:2
FNH:2
FNDA:2,(anonymous_0)
FNDA:1,(anonymous_1)
DA:7,1
DA:16,1
DA:17,2
DA:19,2
DA:24,1
LF:5
LH:5
BRDA:21,0,0,1
BRDA:21,0,1,1
BRF:2
BRH:2
end_of_record
TN:
SF:src/view/components/OrderItem/OrderItem.jsx
FN:31,(anonymous_0)
FNF:1
FNH:1
FNDA:2,(anonymous_0)
DA:5,2
DA:31,2
DA:32,2
DA:34,2
LF:4
LH:4
BRF:0
BRH:0
end_of_record
TN:
SF:src/view/components/OrderList/OrderList.jsx
FN:54,(anonymous_0)
FN:61,(anonymous_1)
FNF:2
FNH:2
FNDA:2,(anonymous_0)
FNDA:1,(anonymous_1)
DA:6,1
DA:54,1
DA:55,2
DA:57,2
DA:62,1
LF:5
LH:5
BRDA:59,0,0,1
BRDA:59,0,1,1
BRF:2
BRH:2
end_of_record
