TN:
SF:src/view/common/Modal/OrderModal.jsx
FN:62,(anonymous_0)
FN:85,(anonymous_1)
FNF:2
FNH:1
FNDA:1,(anonymous_0)
FNDA:0,(anonymous_1)
DA:14,1
DA:62,1
DA:63,1
DA:66,1
DA:86,0
LF:5
LH:4
BRDA:82,0,0,0
BRDA:82,0,1,1
BRF:2
BRH:1
end_of_record
TN:
SF:src/view/components/CartItem/CartItem.jsx
FN:44,(anonymous_0)
FN:51,(anonymous_1)
FN:62,(anonymous_2)
FN:73,(anonymous_3)
FNF:4
FNH:0
FNDA:0,(anonymous_0)
FNDA:0,(anonymous_1)
FNDA:0,(anonymous_2)
FNDA:0,(anonymous_3)
DA:12,1
DA:44,1
DA:45,0
DA:46,0
DA:49,0
DA:51,0
DA:52,0
DA:54,0
DA:62,0
DA:63,0
DA:65,0
DA:73,0
DA:74,0
DA:76,0
DA:84,0
LF:15
LH:2
BRF:0
BRH:0
end_of_record
TN:
SF:src/view/context/CartContext/Actions.js
FNF:0
FNH:0
DA:1,1
LF:1
LH:1
BRF:0
BRH:0
end_of_record
TN:
SF:src/view/context/CartContext/CartContext.jsx
FNF:0
FNH:0
DA:3,1
LF:1
LH:1
BRF:0
BRH:0
end_of_record
